app/build/intermediates/manifest_merge_blame_file/debug/manifest-merger-blame-debug-report.txt
1<?xml version="1.0" encoding="utf-8"?>
2<manifest xmlns:android="http://schemas.android.com/apk/res/android"
3    package="com.example.appmirenda"
4    android:versionCode="1"
5    android:versionName="1.0" >
6
7    <uses-sdk
8        android:minSdkVersion="23"
9        android:targetSdkVersion="34" />
10
11    <uses-permission android:name="android.permission.INTERNET" />
11-->src\main\AndroidManifest.xml:5:5-67
11-->src\main\AndroidManifest.xml:5:22-64
12
13    <uses-feature
13-->src\main\AndroidManifest.xml:7:5-9:36
14        android:name="android.hardware.touchscreen"
14-->src\main\AndroidManifest.xml:8:9-52
15        android:required="false" />
15-->src\main\AndroidManifest.xml:9:9-33
16    <uses-feature
16-->src\main\AndroidManifest.xml:10:5-12:35
17        android:name="android.software.leanback"
17-->src\main\AndroidManifest.xml:11:9-49
18        android:required="true" />
18-->src\main\AndroidManifest.xml:12:9-32
19
20    <permission
20-->[androidx.core:core:1.12.0] AndroidManifest.xml:22:5-24:47
21        android:name="com.example.appmirenda.DYNAMIC_RECEIVER_NOT_EXPORTED_PERMISSION"
21-->[androidx.core:core:1.12.0] AndroidManifest.xml:23:9-81
22        android:protectionLevel="signature" />
22-->[androidx.core:core:1.12.0] AndroidManifest.xml:24:9-44
23
24    <uses-permission android:name="com.example.appmirenda.DYNAMIC_RECEIVER_NOT_EXPORTED_PERMISSION" />
24-->[androidx.core:core:1.12.0] AndroidManifest.xml:26:5-97
24-->[androidx.core:core:1.12.0] AndroidManifest.xml:26:22-94
25
26    <application
26-->src\main\AndroidManifest.xml:14:5-61:19
27        android:allowBackup="true"
27-->src\main\AndroidManifest.xml:15:9-35
28        android:appComponentFactory="androidx.core.app.CoreComponentFactory"
28-->[androidx.core:core:1.12.0] AndroidManifest.xml:28:18-86
29        android:dataExtractionRules="@xml/data_extraction_rules"
29-->src\main\AndroidManifest.xml:16:9-65
30        android:debuggable="true"
31        android:extractNativeLibs="false"
32        android:fullBackupContent="@xml/backup_rules"
32-->src\main\AndroidManifest.xml:17:9-54
33        android:icon="@mipmap/ic_launcher"
33-->src\main\AndroidManifest.xml:18:9-43
34        android:label="@string/app_name"
34-->src\main\AndroidManifest.xml:19:9-41
35        android:roundIcon="@mipmap/ic_launcher_round"
35-->src\main\AndroidManifest.xml:20:9-54
36        android:supportsRtl="true"
36-->src\main\AndroidManifest.xml:21:9-35
37        android:testOnly="true"
38        android:theme="@style/Theme.Appmirenda" >
38-->src\main\AndroidManifest.xml:22:9-48
39        <activity
39-->src\main\AndroidManifest.xml:24:9-37:20
40            android:name="com.example.appmirenda.MainActivity2"
40-->src\main\AndroidManifest.xml:25:13-42
41            android:banner="@drawable/app_icon_your_company"
41-->src\main\AndroidManifest.xml:26:13-61
42            android:exported="true"
42-->src\main\AndroidManifest.xml:27:13-36
43            android:icon="@drawable/app_icon_your_company"
43-->src\main\AndroidManifest.xml:28:13-59
44            android:label="@string/title_activity_main2"
44-->src\main\AndroidManifest.xml:29:13-57
45            android:logo="@drawable/app_icon_your_company"
45-->src\main\AndroidManifest.xml:30:13-59
46            android:screenOrientation="landscape" >
46-->src\main\AndroidManifest.xml:31:13-50
47            <intent-filter>
47-->src\main\AndroidManifest.xml:32:13-36:29
48                <action android:name="android.intent.action.MAIN" />
48-->src\main\AndroidManifest.xml:33:17-69
48-->src\main\AndroidManifest.xml:33:25-66
49
50                <category android:name="android.intent.category.LEANBACK_LAUNCHER" />
50-->src\main\AndroidManifest.xml:35:17-86
50-->src\main\AndroidManifest.xml:35:27-83
51            </intent-filter>
52        </activity>
53        <activity
53-->src\main\AndroidManifest.xml:38:9-40:40
54            android:name="com.example.appmirenda.DetailsActivity"
54-->src\main\AndroidManifest.xml:39:13-44
55            android:exported="false" />
55-->src\main\AndroidManifest.xml:40:13-37
56        <activity
56-->src\main\AndroidManifest.xml:41:9-43:40
57            android:name="com.example.appmirenda.PlaybackActivity"
57-->src\main\AndroidManifest.xml:42:13-45
58            android:exported="false" />
58-->src\main\AndroidManifest.xml:43:13-37
59        <activity
59-->src\main\AndroidManifest.xml:44:9-46:40
60            android:name="com.example.appmirenda.BrowseErrorActivity"
60-->src\main\AndroidManifest.xml:45:13-48
61            android:exported="false" />
61-->src\main\AndroidManifest.xml:46:13-37
62        <activity
62-->src\main\AndroidManifest.xml:47:9-51:55
63            android:name="com.example.appmirenda.grenactivity"
63-->src\main\AndroidManifest.xml:48:13-41
64            android:exported="false"
64-->src\main\AndroidManifest.xml:49:13-37
65            android:label="@string/title_activity_grenactivity"
65-->src\main\AndroidManifest.xml:50:13-64
66            android:theme="@style/Theme.Appmirenda" />
66-->src\main\AndroidManifest.xml:51:13-52
67        <activity
67-->src\main\AndroidManifest.xml:52:9-60:20
68            android:name="com.example.appmirenda.MainActivity"
68-->src\main\AndroidManifest.xml:53:13-41
69            android:exported="true" >
69-->src\main\AndroidManifest.xml:54:13-36
70            <intent-filter>
70-->src\main\AndroidManifest.xml:55:13-59:29
71                <action android:name="android.intent.action.MAIN" />
71-->src\main\AndroidManifest.xml:33:17-69
71-->src\main\AndroidManifest.xml:33:25-66
72
73                <category android:name="android.intent.category.LAUNCHER" />
73-->src\main\AndroidManifest.xml:58:17-77
73-->src\main\AndroidManifest.xml:58:27-74
74            </intent-filter>
75        </activity>
76
77        <provider
77-->[androidx.emoji2:emoji2:1.2.0] AndroidManifest.xml:24:9-32:20
78            android:name="androidx.startup.InitializationProvider"
78-->[androidx.emoji2:emoji2:1.2.0] AndroidManifest.xml:25:13-67
79            android:authorities="com.example.appmirenda.androidx-startup"
79-->[androidx.emoji2:emoji2:1.2.0] AndroidManifest.xml:26:13-68
80            android:exported="false" >
80-->[androidx.emoji2:emoji2:1.2.0] AndroidManifest.xml:27:13-37
81            <meta-data
81-->[androidx.emoji2:emoji2:1.2.0] AndroidManifest.xml:29:13-31:52
82                android:name="androidx.emoji2.text.EmojiCompatInitializer"
82-->[androidx.emoji2:emoji2:1.2.0] AndroidManifest.xml:30:17-75
83                android:value="androidx.startup" />
83-->[androidx.emoji2:emoji2:1.2.0] AndroidManifest.xml:31:17-49
84            <meta-data
84-->[androidx.lifecycle:lifecycle-process:2.6.1] AndroidManifest.xml:29:13-31:52
85                android:name="androidx.lifecycle.ProcessLifecycleInitializer"
85-->[androidx.lifecycle:lifecycle-process:2.6.1] AndroidManifest.xml:30:17-78
86                android:value="androidx.startup" />
86-->[androidx.lifecycle:lifecycle-process:2.6.1] AndroidManifest.xml:31:17-49
87            <meta-data
87-->[androidx.profileinstaller:profileinstaller:1.3.0] AndroidManifest.xml:29:13-31:52
88                android:name="androidx.profileinstaller.ProfileInstallerInitializer"
88-->[androidx.profileinstaller:profileinstaller:1.3.0] AndroidManifest.xml:30:17-85
89                android:value="androidx.startup" />
89-->[androidx.profileinstaller:profileinstaller:1.3.0] AndroidManifest.xml:31:17-49
90        </provider>
91
92        <uses-library
92-->[androidx.window:window:1.0.0] AndroidManifest.xml:25:9-27:40
93            android:name="androidx.window.extensions"
93-->[androidx.window:window:1.0.0] AndroidManifest.xml:26:13-54
94            android:required="false" />
94-->[androidx.window:window:1.0.0] AndroidManifest.xml:27:13-37
95        <uses-library
95-->[androidx.window:window:1.0.0] AndroidManifest.xml:28:9-30:40
96            android:name="androidx.window.sidecar"
96-->[androidx.window:window:1.0.0] AndroidManifest.xml:29:13-51
97            android:required="false" />
97-->[androidx.window:window:1.0.0] AndroidManifest.xml:30:13-37
98
99        <receiver
99-->[androidx.profileinstaller:profileinstaller:1.3.0] AndroidManifest.xml:34:9-52:20
100            android:name="androidx.profileinstaller.ProfileInstallReceiver"
100-->[androidx.profileinstaller:profileinstaller:1.3.0] AndroidManifest.xml:35:13-76
101            android:directBootAware="false"
101-->[androidx.profileinstaller:profileinstaller:1.3.0] AndroidManifest.xml:36:13-44
102            android:enabled="true"
102-->[androidx.profileinstaller:profileinstaller:1.3.0] AndroidManifest.xml:37:13-35
103            android:exported="true"
103-->[androidx.profileinstaller:profileinstaller:1.3.0] AndroidManifest.xml:38:13-36
104            android:permission="android.permission.DUMP" >
104-->[androidx.profileinstaller:profileinstaller:1.3.0] AndroidManifest.xml:39:13-57
105            <intent-filter>
105-->[androidx.profileinstaller:profileinstaller:1.3.0] AndroidManifest.xml:40:13-42:29
106                <action android:name="androidx.profileinstaller.action.INSTALL_PROFILE" />
106-->[androidx.profileinstaller:profileinstaller:1.3.0] AndroidManifest.xml:41:17-91
106-->[androidx.profileinstaller:profileinstaller:1.3.0] AndroidManifest.xml:41:25-88
107            </intent-filter>
108            <intent-filter>
108-->[androidx.profileinstaller:profileinstaller:1.3.0] AndroidManifest.xml:43:13-45:29
109                <action android:name="androidx.profileinstaller.action.SKIP_FILE" />
109-->[androidx.profileinstaller:profileinstaller:1.3.0] AndroidManifest.xml:44:17-85
109-->[androidx.profileinstaller:profileinstaller:1.3.0] AndroidManifest.xml:44:25-82
110            </intent-filter>
111            <intent-filter>
111-->[androidx.profileinstaller:profileinstaller:1.3.0] AndroidManifest.xml:46:13-48:29
112                <action android:name="androidx.profileinstaller.action.SAVE_PROFILE" />
112-->[androidx.profileinstaller:profileinstaller:1.3.0] AndroidManifest.xml:47:17-88
112-->[androidx.profileinstaller:profileinstaller:1.3.0] AndroidManifest.xml:47:25-85
113            </intent-filter>
114            <intent-filter>
114-->[androidx.profileinstaller:profileinstaller:1.3.0] AndroidManifest.xml:49:13-51:29
115                <action android:name="androidx.profileinstaller.action.BENCHMARK_OPERATION" />
115-->[androidx.profileinstaller:profileinstaller:1.3.0] AndroidManifest.xml:50:17-95
115-->[androidx.profileinstaller:profileinstaller:1.3.0] AndroidManifest.xml:50:25-92
116            </intent-filter>
117        </receiver>
118    </application>
119
120</manifest>